<?xml version="1.0" encoding="UTF-8"?>
<!-- Generated by org.testng.reporters.JUnitReportReporter -->
<testsuite skipped="1" hostname="DESKTOP-3SL4LUB" name="testnglearning.TestCase3" tests="3" failures="0" timestamp="19 Aug 2018 07:57:41 GMT" time="0.009" errors="0">
  <testcase name="doUserReg" time="0.002" classname="testnglearning.TestCase3"/>
  <testcase name="doLogin" time="0.002" classname="testnglearning.TestCase3"/>
  <testcase name="isSkip" time="0.005" classname="testnglearning.TestCase3">
    <skipped/>
  </testcase> <!-- isSkip -->
</testsuite> <!-- testnglearning.TestCase3 -->
