<?xml version="1.0" encoding="UTF-8"?>
<!-- Generated by org.testng.reporters.JUnitReportReporter -->
<testsuite skipped="0" hostname="DESKTOP-3SL4LUB" name="testcases.OpenAccountTest" tests="1" failures="0" timestamp="13 Oct 2018 09:12:34 GMT" time="0.513" errors="0">
  <testcase name="openAccount" time="0.513" classname="testcases.OpenAccountTest"/>
</testsuite> <!-- testcases.OpenAccountTest -->
