<?xml version="1.0" encoding="UTF-8"?>
<!-- Generated by org.testng.reporters.JUnitReportReporter -->
<testsuite skipped="0" hostname="DESKTOP-3SL4LUB" name="testcases.UserReg" tests="1" failures="0" timestamp="02 Sep 2018 07:11:10 GMT" time="0.017" errors="0">
  <testcase name="firstTest" time="0.017" classname="testcases.UserReg"/>
</testsuite> <!-- testcases.UserReg -->
