<?xml version="1.0" encoding="UTF-8"?>
<!-- Generated by org.testng.reporters.JUnitReportReporter -->
<testsuite skipped="0" hostname="DESKTOP-3SL4LUB" name="testcases.Another" tests="1" failures="0" timestamp="02 Sep 2018 07:11:10 GMT" time="0.000" errors="0">
  <testcase name="secondTest" time="0.000" classname="testcases.Another"/>
</testsuite> <!-- testcases.Another -->
