<?xml version="1.0" encoding="UTF-8"?>
<!-- Generated by org.testng.reporters.JUnitReportReporter -->
<testsuite skipped="0" hostname="DESKTOP-3SL4LUB" name="testcases.AddCustomerTest" tests="1" failures="0" timestamp="02 Sep 2018 06:55:32 GMT" time="0.761" errors="0">
  <testcase name="addCustomer" time="0.761" classname="testcases.AddCustomerTest"/>
</testsuite> <!-- testcases.AddCustomerTest -->
